Array
(
    [light_level] => 8
    [device_code] => 711839
)
Array
(
    [light_level] => 8
    [device_code] => 711839
)
Array
(
    [light_level] => 42
    [device_code] => 711839
)
Array
(
    [light_level] => 38
    [device_code] => 711839
)
Array
(
    [light_level] => 48
    [device_code] => 711839
)
Array
(
    [light_level] => 46
    [device_code] => 711839
)
Array
(
    [light_level] => 46
    [device_code] => 711839
)
Array
(
    [light_level] => 38
    [device_code] => 711839
)
Array
(
    [light_level] => 31
    [device_code] => 711839
)
Array
(
    [light_level] => 30
    [device_code] => 711839
)
Array
(
    [light_level] => 100
    [device_code] => 711839
)
Array
(
    [light_level] => 87
    [device_code] => 711839
)
Array
(
    [light_level] => 5
    [device_code] => 711839
)
Array
(
    [light_level] => 33
    [device_code] => 711839
)
Array
(
    [light_level] => 43
    [device_code] => 711839
)
Array
(
    [light_level] => 43
    [device_code] => 711839
)
Array
(
    [light_level] => 51
    [device_code] => 711839
)
Array
(
    [light_level] => 96
    [device_code] => 711839
)
Array
(
    [light_level] => 109
    [device_code] => 711839
)
Array
(
    [light_level] => 19
    [device_code] => 711839
)
Array
(
    [light_level] => 97
    [device_code] => 711839
)
Array
(
    [light_level] => 65
    [device_code] => 711839
)
Array
(
    [light_level] => 20
    [device_code] => 711839
)
Array
(
    [light_level] => 20
    [device_code] => 711839
)
Array
(
    [light_level] => 20
    [device_code] => 711839
)
Array
(
    [light_level] => 12
    [device_code] => 711839
)
Array
(
    [light_level] => 14
    [device_code] => 711839
)
Array
(
    [light_level] => 87
    [device_code] => 711839
)
Array
(
    [light_level] => 21
    [device_code] => 711839
)
Array
(
    [light_level] => 12
    [device_code] => 711839
)
Array
(
    [light_level] => 12
    [device_code] => 711839
)
Array
(
    [light_level] => 14
    [device_code] => 711839
)
Array
(
    [light_level] => 12
    [device_code] => 711839
)
Array
(
    [light_level] => 21
    [device_code] => 711839
)
Array
(
    [light_level] => 14
    [device_code] => 711839
)
Array
(
    [light_level] => 28
    [device_code] => 711839
)
Array
(
    [light_level] => 15
    [device_code] => 711839
)
Array
(
    [light_level] => 18
    [device_code] => 711839
)
Array
(
    [light_level] => 22
    [device_code] => 711839
)
Array
(
    [light_level] => 22
    [device_code] => 711839
)
Array
(
    [light_level] => 15
    [device_code] => 711839
)
Array
(
    [light_level] => 24
    [device_code] => 711839
)
Array
(
    [light_level] => 24
    [device_code] => 711839
)
Array
(
    [light_level] => 26
    [device_code] => 711839
)
Array
(
    [light_level] => 17
    [device_code] => 711839
)
Array
(
    [light_level] => 8
    [device_code] => 711839
)
Array
(
    [light_level] => 22
    [device_code] => 711839
)
Array
(
    [light_level] => 24
    [device_code] => 711839
)
Array
(
    [light_level] => 17
    [device_code] => 711839
)
Array
(
    [light_level] => 24
    [device_code] => 711839
)
Array
(
    [light_level] => 17
    [device_code] => 711839
)
Array
(
    [light_level] => 22
    [device_code] => 711839
)
Array
(
    [light_level] => 17
    [device_code] => 711839
)
Array
(
    [light_level] => 17
    [device_code] => 711839
)
Array
(
    [light_level] => 17
    [device_code] => 711839
)
Array
(
    [light_level] => 17
    [device_code] => 711839
)
Array
(
    [light_level] => 22
    [device_code] => 711839
)
Array
(
    [light_level] => 24
    [device_code] => 711839
)
Array
(
    [light_level] => 17
    [device_code] => 711839
)
Array
(
    [light_level] => 22
    [device_code] => 711839
)
Array
(
    [light_level] => 22
    [device_code] => 711839
)
Array
(
    [light_level] => 17
    [device_code] => 711839
)
Array
(
    [light_level] => 17
    [device_code] => 711839
)
Array
(
    [light_level] => 18
    [device_code] => 711839
)
Array
(
    [light_level] => 18
    [device_code] => 711839
)
Array
(
    [light_level] => 18
    [device_code] => 711839
)
Array
(
    [light_level] => 27
    [device_code] => 711839
)
Array
(
    [light_level] => 18
    [device_code] => 711839
)
Array
(
    [light_level] => 18
    [device_code] => 711839
)
Array
(
    [light_level] => 18
    [device_code] => 711839
)
Array
(
    [light_level] => 18
    [device_code] => 711839
)
Array
(
    [light_level] => 27
    [device_code] => 711839
)
Array
(
    [light_level] => 18
    [device_code] => 711839
)
Array
(
    [light_level] => 17
    [device_code] => 711839
)
Array
(
    [light_level] => 20
    [device_code] => 711839
)
Array
(
    [light_level] => 19
    [device_code] => 711839
)
Array
(
    [light_level] => 12
    [temperature] => nan
    [humidity] => nan
    [device_code] => 711839
)
Array
(
    [light_level] => 20
    [temperature] => nan
    [humidity] => nan
    [device_code] => 711839
)
Array
(
    [light_level] => 20
    [temperature] => nan
    [humidity] => nan
    [device_code] => 711839
)
Array
(
    [light_level] => 20
    [temperature] => nan
    [humidity] => nan
    [device_code] => 711839
)
Array
(
    [light_level] => 20
    [temperature] => nan
    [humidity] => nan
    [device_code] => 711839
)
Array
(
    [light_level] => 13
    [temperature] => nan
    [humidity] => nan
    [device_code] => 711839
)
Array
(
    [light_level] => 21
    [temperature] => nan
    [humidity] => nan
    [device_code] => 711839
)
Array
(
    [light_level] => 20
    [temperature] => nan
    [humidity] => nan
    [device_code] => 711839
)
Array
(
    [light_level] => 13
    [temperature] => nan
    [humidity] => nan
    [device_code] => 711839
)
Array
(
    [light_level] => 20
    [temperature] => nan
    [humidity] => nan
    [device_code] => 711839
)
Array
(
    [light_level] => 20
    [temperature] => nan
    [humidity] => nan
    [device_code] => 711839
)
Array
(
    [light_level] => 20
    [temperature] => nan
    [humidity] => nan
    [device_code] => 711839
)
Array
(
    [light_level] => 21
    [temperature] => nan
    [humidity] => nan
    [device_code] => 711839
)
Array
(
    [light_level] => 33
    [temperature] => nan
    [humidity] => nan
    [device_code] => 711839
)
Array
(
    [light_level] => 34
    [temperature] => nan
    [humidity] => nan
    [device_code] => 711839
)
Array
(
    [light_level] => 28
    [temperature] => nan
    [humidity] => nan
    [device_code] => 711839
)
Array
(
    [light_level] => 38
    [temperature] => nan
    [humidity] => nan
    [device_code] => 711839
)
Array
(
    [light_level] => 33
    [temperature] => nan
    [humidity] => nan
    [device_code] => 711839
)
Array
(
    [light_level] => 27
    [temperature] => nan
    [humidity] => nan
    [device_code] => 711839
)
Array
(
    [light_level] => 26
    [temperature] => nan
    [humidity] => nan
    [device_code] => 711839
)
Array
(
    [light_level] => 19
    [temperature] => nan
    [humidity] => nan
    [device_code] => 711839
)
Array
(
    [light_level] => 21
    [temperature] => nan
    [humidity] => nan
    [device_code] => 711839
)
Array
(
    [light_level] => 21
    [temperature] => nan
    [humidity] => nan
    [device_code] => 711839
)
Array
(
    [light_level] => 15
    [temperature] => nan
    [humidity] => nan
    [device_code] => 711839
)
Array
(
    [light_level] => 14
    [temperature] => nan
    [humidity] => nan
    [device_code] => 711839
)
Array
(
    [light_level] => 21
    [temperature] => nan
    [humidity] => nan
    [device_code] => 711839
)
Array
(
    [light_level] => 56
    [temperature] => nan
    [humidity] => nan
    [device_code] => 711839
)
Array
(
    [light_level] => 19
    [temperature] => nan
    [humidity] => nan
    [device_code] => 711839
)
Array
(
    [light_level] => 54
    [temperature] => nan
    [humidity] => nan
    [device_code] => 711839
)
Array
(
    [light_level] => 57
    [temperature] => nan
    [humidity] => nan
    [device_code] => 711839
)
Array
(
    [light_level] => 18
    [temperature] => nan
    [humidity] => nan
    [device_code] => 711839
)
Array
(
    [light_level] => 58
    [temperature] => nan
    [humidity] => nan
    [device_code] => 711839
)
Array
(
    [light_level] => 10
    [temperature] => nan
    [humidity] => nan
    [device_code] => 711839
)
Array
(
    [light_level] => 20
    [temperature] => nan
    [humidity] => nan
    [device_code] => 711839
)
Array
(
    [light_level] => 29
    [temperature] => nan
    [humidity] => nan
    [device_code] => 711839
)
Array
(
    [light_level] => 64
    [temperature] => nan
    [humidity] => nan
    [device_code] => 711839
)
Array
(
    [light_level] => 77
    [temperature] => nan
    [humidity] => nan
    [device_code] => 711839
)
Array
(
    [light_level] => 70
    [temperature] => nan
    [humidity] => nan
    [device_code] => 711839
)
Array
(
    [light_level] => 69
    [temperature] => nan
    [humidity] => nan
    [device_code] => 711839
)
Array
(
    [light_level] => 10
    [temperature] => nan
    [humidity] => nan
    [device_code] => 711839
)
Array
(
    [light_level] => 28
    [temperature] => nan
    [humidity] => nan
    [device_code] => 711839
)
Array
(
    [light_level] => 17
    [temperature] => nan
    [humidity] => nan
    [device_code] => 711839
)
Array
(
    [light_level] => 27
    [temperature] => nan
    [humidity] => nan
    [device_code] => 711839
)
Array
(
    [light_level] => 18
    [temperature] => nan
    [humidity] => nan
    [device_code] => 711839
)
Array
(
    [light_level] => 22
    [temperature] => nan
    [humidity] => nan
    [device_code] => 711839
)
Array
(
    [light_level] => 16
    [temperature] => nan
    [humidity] => nan
    [device_code] => 711839
)
Array
(
    [light_level] => 16
    [temperature] => nan
    [humidity] => nan
    [device_code] => 711839
)
Array
(
    [light_level] => 18
    [temperature] => nan
    [humidity] => nan
    [device_code] => 711839
)
Array
(
    [light_level] => 17
    [temperature] => nan
    [humidity] => nan
    [device_code] => 711839
)
Array
(
    [light_level] => 9
    [temperature] => nan
    [humidity] => nan
    [device_code] => 711839
)
Array
(
    [light_level] => 10
    [temperature] => nan
    [humidity] => nan
    [device_code] => 711839
)
Array
(
    [light_level] => 9
    [temperature] => nan
    [humidity] => nan
    [device_code] => 711839
)
Array
(
    [light_level] => 19
    [temperature] => nan
    [humidity] => nan
    [device_code] => 711839
)
Array
(
    [light_level] => 19
    [temperature] => nan
    [humidity] => nan
    [device_code] => 711839
)
Array
(
    [light_level] => 19
    [temperature] => nan
    [humidity] => nan
    [device_code] => 711839
)
Array
(
    [light_level] => 20
    [temperature] => nan
    [humidity] => nan
    [device_code] => 711839
)
Array
(
    [light_level] => 9
    [temperature] => nan
    [humidity] => nan
    [device_code] => 711839
)
Array
(
    [light_level] => 10
    [temperature] => nan
    [humidity] => nan
    [device_code] => 711839
)
Array
(
    [light_level] => 18
    [temperature] => nan
    [humidity] => nan
    [device_code] => 711839
)
Array
(
    [light_level] => 18
    [temperature] => nan
    [humidity] => nan
    [device_code] => 711839
)
Array
(
    [light_level] => 18
    [temperature] => nan
    [humidity] => nan
    [device_code] => 711839
)
Array
(
    [light_level] => 10
    [temperature] => nan
    [humidity] => nan
    [device_code] => 711839
)
Array
(
    [light_level] => 18
    [temperature] => nan
    [humidity] => nan
    [device_code] => 711839
)
Array
(
    [light_level] => 18
    [temperature] => nan
    [humidity] => nan
    [device_code] => 711839
)
Array
(
    [light_level] => 19
    [temperature] => nan
    [humidity] => nan
    [device_code] => 711839
)
Array
(
    [light_level] => 19
    [temperature] => nan
    [humidity] => nan
    [device_code] => 711839
)
Array
(
    [light_level] => 31
    [temperature] => nan
    [humidity] => nan
    [device_code] => 711839
)
Array
(
    [light_level] => 19
    [temperature] => nan
    [humidity] => nan
    [device_code] => 711839
)
Array
(
    [light_level] => 25
    [temperature] => nan
    [humidity] => nan
    [device_code] => 711839
)
Array
(
    [light_level] => 20
    [temperature] => nan
    [humidity] => nan
    [device_code] => 711839
)
Array
(
    [light_level] => 14
    [temperature] => nan
    [humidity] => nan
    [device_code] => 711839
)
Array
(
    [light_level] => 21
    [temperature] => nan
    [humidity] => nan
    [device_code] => 711839
)
Array
(
    [light_level] => 20
    [temperature] => nan
    [humidity] => nan
    [device_code] => 711839
)
Array
(
    [light_level] => 14
    [temperature] => nan
    [humidity] => nan
    [device_code] => 711839
)
Array
(
    [light_level] => 20
    [temperature] => nan
    [humidity] => nan
    [device_code] => 711839
)
Array
(
    [light_level] => 10
    [temperature] => nan
    [humidity] => nan
    [device_code] => 711839
)
Array
(
    [light_level] => 18
    [temperature] => nan
    [humidity] => nan
    [device_code] => 711839
)
Array
(
    [light_level] => 20
    [temperature] => nan
    [humidity] => nan
    [device_code] => 711839
)
Array
(
    [light_level] => 20
    [temperature] => nan
    [humidity] => nan
    [device_code] => 711839
)
Array
(
    [light_level] => 77
    [temperature] => nan
    [humidity] => nan
    [device_code] => 711839
)
Array
(
    [light_level] => 86
    [temperature] => nan
    [humidity] => nan
    [device_code] => 711839
)
Array
(
    [light_level] => 17
    [temperature] => nan
    [humidity] => nan
    [device_code] => 711839
)
Array
(
    [light_level] => 10
    [temperature] => nan
    [humidity] => nan
    [device_code] => 711839
)
Array
(
    [light_level] => 29
    [temperature] => nan
    [humidity] => nan
    [device_code] => 711839
)
Array
(
    [light_level] => 18
    [temperature] => nan
    [humidity] => nan
    [device_code] => 711839
)
Array
(
    [light_level] => 12
    [temperature] => nan
    [humidity] => nan
    [device_code] => 711839
)
Array
(
    [light_level] => 19
    [temperature] => nan
    [humidity] => nan
    [device_code] => 711839
)
Array
(
    [light_level] => 20
    [temperature] => nan
    [humidity] => nan
    [device_code] => 711839
)
Array
(
    [light_level] => 19
    [temperature] => nan
    [humidity] => nan
    [device_code] => 711839
)
Array
(
    [light_level] => 19
    [temperature] => nan
    [humidity] => nan
    [device_code] => 711839
)
Array
(
    [light_level] => 19
    [temperature] => nan
    [humidity] => nan
    [device_code] => 711839
)
Array
(
    [light_level] => 20
    [temperature] => nan
    [humidity] => nan
    [device_code] => 711839
)
Array
(
    [light_level] => 19
    [temperature] => nan
    [humidity] => nan
    [device_code] => 711839
)
Array
(
    [light_level] => 20
    [temperature] => nan
    [humidity] => nan
    [device_code] => 711839
)
Array
(
    [light_level] => 12
    [temperature] => nan
    [humidity] => nan
    [device_code] => 711839
)
Array
(
    [light_level] => 20
    [temperature] => nan
    [humidity] => nan
    [device_code] => 711839
)
Array
(
    [light_level] => 12
    [temperature] => nan
    [humidity] => nan
    [device_code] => 711839
)
Array
(
    [light_level] => 12
    [temperature] => nan
    [humidity] => nan
    [device_code] => 711839
)
Array
(
    [light_level] => 20
    [temperature] => nan
    [humidity] => nan
    [device_code] => 711839
)
Array
(
    [light_level] => 20
    [temperature] => nan
    [humidity] => nan
    [device_code] => 711839
)
Array
(
    [light_level] => 13
    [temperature] => nan
    [humidity] => nan
    [device_code] => 711839
)
Array
(
    [light_level] => 12
    [temperature] => nan
    [humidity] => nan
    [device_code] => 711839
)
Array
(
    [light_level] => 12
    [temperature] => nan
    [humidity] => nan
    [device_code] => 711839
)
Array
(
    [light_level] => 12
    [temperature] => nan
    [humidity] => nan
    [device_code] => 711839
)
Array
(
    [light_level] => 19
    [temperature] => nan
    [humidity] => nan
    [device_code] => 711839
)
Array
(
    [light_level] => 9
    [temperature] => nan
    [humidity] => nan
    [device_code] => 711839
)
Array
(
    [light_level] => 18
    [temperature] => nan
    [humidity] => nan
    [device_code] => 711839
)
Array
(
    [light_level] => 18
    [temperature] => nan
    [humidity] => nan
    [device_code] => 711839
)
Array
(
    [light_level] => 12
    [temperature] => nan
    [humidity] => nan
    [device_code] => 711839
)
Array
(
    [light_level] => 405
    [temperature] => nan
    [humidity] => nan
    [device_code] => 711839
)
Array
(
    [light_level] => 14
    [temperature] => nan
    [humidity] => nan
    [device_code] => 711839
)
Array
(
    [light_level] => 12
    [temperature] => nan
    [humidity] => nan
    [device_code] => 711839
)
Array
(
    [light_level] => 19
    [temperature] => nan
    [humidity] => nan
    [device_code] => 711839
)
Array
(
    [light_level] => 10
    [temperature] => nan
    [humidity] => nan
    [device_code] => 711839
)
Array
(
    [light_level] => 10
    [temperature] => nan
    [humidity] => nan
    [device_code] => 711839
)
Array
(
    [light_level] => 29
    [temperature] => nan
    [humidity] => nan
    [device_code] => 711839
)
Array
(
    [light_level] => 9
    [temperature] => nan
    [humidity] => nan
    [device_code] => 711839
)
Array
(
    [light_level] => 12
    [temperature] => nan
    [humidity] => nan
    [device_code] => 711839
)
Array
(
    [light_level] => 12
    [temperature] => nan
    [humidity] => nan
    [device_code] => 711839
)
Array
(
    [light_level] => 12
    [temperature] => nan
    [humidity] => nan
    [device_code] => 711839
)
Array
(
    [light_level] => 17
    [temperature] => nan
    [humidity] => nan
    [device_code] => 711839
)
Array
(
    [light_level] => 9
    [temperature] => nan
    [humidity] => nan
    [device_code] => 711839
)
Array
(
    [light_level] => 19
    [temperature] => nan
    [humidity] => nan
    [device_code] => 711839
)
Array
(
    [light_level] => 12
    [temperature] => nan
    [humidity] => nan
    [device_code] => 711839
)
Array
(
    [light_level] => 12
    [temperature] => nan
    [humidity] => nan
    [device_code] => 711839
)
Array
(
    [light_level] => 20
    [temperature] => nan
    [humidity] => nan
    [device_code] => 711839
)
Array
(
    [light_level] => 20
    [temperature] => nan
    [humidity] => nan
    [device_code] => 711839
)
Array
(
    [light_level] => 20
    [temperature] => nan
    [humidity] => nan
    [device_code] => 711839
)
Array
(
    [light_level] => 20
    [temperature] => nan
    [humidity] => nan
    [device_code] => 711839
)
Array
(
    [light_level] => 13
    [temperature] => nan
    [humidity] => nan
    [device_code] => 711839
)
Array
(
    [light_level] => 12
    [temperature] => nan
    [humidity] => nan
    [device_code] => 711839
)
Array
(
    [light_level] => 12
    [temperature] => nan
    [humidity] => nan
    [device_code] => 711839
)
Array
(
    [light_level] => 20
    [temperature] => nan
    [humidity] => nan
    [device_code] => 711839
)
Array
(
    [light_level] => 20
    [temperature] => nan
    [humidity] => nan
    [device_code] => 711839
)
Array
(
    [light_level] => 20
    [temperature] => nan
    [humidity] => nan
    [device_code] => 711839
)
Array
(
    [light_level] => 20
    [temperature] => nan
    [humidity] => nan
    [device_code] => 711839
)
Array
(
    [light_level] => 13
    [temperature] => nan
    [humidity] => nan
    [device_code] => 711839
)
Array
(
    [light_level] => 19
    [temperature] => nan
    [humidity] => nan
    [device_code] => 711839
)
Array
(
    [light_level] => 12
    [temperature] => nan
    [humidity] => nan
    [device_code] => 711839
)
Array
(
    [light_level] => 19
    [temperature] => nan
    [humidity] => nan
    [device_code] => 711839
)
Array
(
    [light_level] => 13
    [temperature] => nan
    [humidity] => nan
    [device_code] => 711839
)
Array
(
    [light_level] => 20
    [temperature] => nan
    [humidity] => nan
    [device_code] => 711839
)
Array
(
    [light_level] => 12
    [temperature] => nan
    [humidity] => nan
    [device_code] => 711839
)
Array
(
    [light_level] => 12
    [temperature] => nan
    [humidity] => nan
    [device_code] => 711839
)
Array
(
    [light_level] => 12
    [temperature] => nan
    [humidity] => nan
    [device_code] => 711839
)
Array
(
    [light_level] => 20
    [temperature] => nan
    [humidity] => nan
    [device_code] => 711839
)
Array
(
    [light_level] => 19
    [temperature] => nan
    [humidity] => nan
    [device_code] => 711839
)
Array
(
    [light_level] => 75
    [temperature] => nan
    [humidity] => nan
    [device_code] => 711839
)
Array
(
    [light_level] => 43
    [temperature] => nan
    [humidity] => nan
    [device_code] => 711839
)
Array
(
    [light_level] => 19
    [temperature] => nan
    [humidity] => nan
    [device_code] => 711839
)
Array
(
    [light_level] => 13
    [temperature] => nan
    [humidity] => nan
    [device_code] => 711839
)
Array
(
    [light_level] => 20
    [temperature] => nan
    [humidity] => nan
    [device_code] => 711839
)
Array
(
    [light_level] => 10
    [temperature] => nan
    [humidity] => nan
    [device_code] => 711839
)
Array
(
    [light_level] => 9
    [temperature] => nan
    [humidity] => nan
    [device_code] => 711839
)
Array
(
    [light_level] => 9
    [temperature] => nan
    [humidity] => nan
    [device_code] => 711839
)
Array
(
    [light_level] => 16
    [temperature] => nan
    [humidity] => nan
    [device_code] => 711839
)
Array
(
    [light_level] => 8
    [temperature] => nan
    [humidity] => nan
    [device_code] => 711839
)
Array
(
    [light_level] => 17
    [temperature] => nan
    [humidity] => nan
    [device_code] => 711839
)
Array
(
    [light_level] => 18
    [temperature] => nan
    [humidity] => nan
    [device_code] => 711839
)
Array
(
    [light_level] => 17
    [temperature] => nan
    [humidity] => nan
    [device_code] => 711839
)
Array
(
    [light_level] => 9
    [temperature] => 19.00
    [humidity] => 50.60
    [device_code] => 711839
)
Array
(
    [light_level] => 9
    [temperature] => 19.00
    [humidity] => 51.10
    [device_code] => 711839
)
Array
(
    [light_level] => 9
    [temperature] => 19.00
    [humidity] => 51.10
    [device_code] => 711839
)
Array
(
    [light_level] => 9
    [temperature] => 19.00
    [humidity] => 51.10
    [device_code] => 711839
)
Array
(
    [light_level] => 9
    [temperature] => 19.10
    [humidity] => 51.20
    [device_code] => 711839
)
Array
(
    [light_level] => 17
    [temperature] => 19.10
    [humidity] => 51.20
    [device_code] => 711839
)
Array
(
    [light_level] => 17
    [temperature] => 19.10
    [humidity] => 51.10
    [device_code] => 711839
)
Array
(
    [light_level] => 17
    [temperature] => 19.10
    [humidity] => 51.00
    [device_code] => 711839
)
Array
(
    [light_level] => 9
    [temperature] => 19.10
    [humidity] => 51.00
    [device_code] => 711839
)
Array
(
    [light_level] => 9
    [temperature] => 19.20
    [humidity] => 51.00
    [device_code] => 711839
)
Array
(
    [light_level] => 17
    [temperature] => 19.20
    [humidity] => 51.10
    [device_code] => 711839
)
Array
(
    [light_level] => 17
    [temperature] => 19.20
    [humidity] => 51.20
    [device_code] => 711839
)
Array
(
    [light_level] => 17
    [temperature] => 19.20
    [humidity] => 51.30
    [device_code] => 711839
)
Array
(
    [light_level] => 17
    [temperature] => 19.20
    [humidity] => 51.20
    [device_code] => 711839
)
Array
(
    [light_level] => 9
    [temperature] => 19.20
    [humidity] => 51.10
    [device_code] => 711839
)
Array
(
    [light_level] => 9
    [temperature] => 19.30
    [humidity] => 50.90
    [device_code] => 711839
)
Array
(
    [light_level] => 9
    [temperature] => 19.30
    [humidity] => 50.80
    [device_code] => 711839
)
Array
(
    [light_level] => 13
    [temperature] => 19.30
    [humidity] => 50.70
    [device_code] => 711839
)
